Fetching instr: reading 0xfffc from the cartridge
Fetching instr: reading 0xfffd from the cartridge
Init vector: 0xf000
Fetching instr: reading 0xf000 from the cartridge
Fetching instr: reading 0xf001 from the cartridge
Fetching instr: reading 0xf002 from the cartridge
Fetching instr: reading 0xf003 from the cartridge
Fetching instr: reading 0xf004 from the cartridge
Fetching instr: reading 0xf005 from the cartridge
Fetching instr: reading 0xf006 from the cartridge
Fetching instr: reading 0xf007 from the cartridge
Writing 0x00 to the TIA
Fetching instr: reading 0xf008 from the cartridge
Fetching instr: reading 0xf009 from the cartridge
Fetching instr: reading 0xf00a from the cartridge
Fetching instr: reading 0xf00b from the cartridge
Fetching instr: reading 0xf106 from the cartridge
Fetching instr: reading 0xf107 from the cartridge
Fetching instr: reading 0xf108 from the cartridge
Fetching instr: reading 0xf109 from the cartridge
Writing 0x26 to the TIA
Fetching instr: reading 0xf10a from the cartridge
Fetching instr: reading 0xf10b from the cartridge
Writing 0x1b to the TIA
Fetching instr: reading 0xf10c from the cartridge
Fetching instr: reading 0xf10d from the cartridge
Writing 0x1c to the TIA
Fetching instr: reading 0xf10e from the cartridge
Fetching instr: reading 0xf10f from the cartridge
reading 0x8e from the PIA memory
Fetching instr: reading 0xf110 from the cartridge
Fetching instr: reading 0xf111 from the cartridge
Writing 0x06 to the TIA
Fetching instr: reading 0xf112 from the cartridge
Fetching instr: reading 0xf113 from the cartridge
Writing 0x07 to the TIA
Fetching instr: reading 0xf114 from the cartridge
Fetching instr: reading 0xf115 from the cartridge
Fetching instr: reading 0xf116 from the cartridge
Fetching instr: reading 0xf117 from the cartridge
Writing 0x04 to the TIA
Fetching instr: reading 0xf118 from the cartridge
Fetching instr: reading 0xf119 from the cartridge
Writing 0x05 to the TIA
Fetching instr: reading 0xf11a from the cartridge
Fetching instr: reading 0xf11b from the cartridge
reading 0x9b from the PIA memory
Fetching instr: reading 0xf11c from the cartridge
Fetching instr: reading 0xf11d from the cartridge
Fetching instr: reading 0xf11e from the cartridge
Fetching instr: reading 0xf11f from the cartridge
Fetching instr: reading 0xf120 from the cartridge
reading 0x9c from the PIA memory
Fetching instr: reading 0xf121 from the cartridge
Fetching instr: reading 0xf122 from the cartridge
Fetching instr: reading 0xf123 from the cartridge
Fetching instr: reading 0xf124 from the cartridge
Fetching instr: reading 0xf125 from the cartridge
Writing 0x02 to the TIA
Fetching instr: reading 0xf126 from the cartridge
Fetching instr: reading 0xf127 from the cartridge
Writing 0x2a to the TIA
Fetching instr: reading 0xf128 from the cartridge
Fetching instr: reading 0xf129 from the cartridge
Fetching instr: reading 0xf12a from the cartridge
Fetching instr: reading 0xf12b from the cartridge
Fetching instr: reading 0xf12c from the cartridge
Fetching instr: reading 0xf12d from the cartridge
Writing 0x10 to the TIA
Fetching instr: reading 0xf12e from the cartridge
Fetching instr: reading 0xf12f from the cartridge
reading 0x9b from the PIA memory
Fetching instr: reading 0xf130 from the cartridge
Fetching instr: reading 0xf131 from the cartridge
Writing 0x20 to the TIA
Fetching instr: reading 0xf132 from the cartridge
Fetching instr: reading 0xf133 from the cartridge
reading 0x9c from the PIA memory
Fetching instr: reading 0xf134 from the cartridge
Fetching instr: reading 0xf135 from the cartridge
Writing 0x21 to the TIA
Fetching instr: reading 0xf136 from the cartridge
Fetching instr: reading 0xf137 from the cartridge
Fetching instr: reading 0xf138 from the cartridge
Fetching instr: reading 0xf139 from the cartridge
Fetching instr: reading 0xf13a from the cartridge
Writing 0x11 to the TIA
Fetching instr: reading 0xf13b from the cartridge
Fetching instr: reading 0xf13c from the cartridge
Writing 0x02 to the TIA
Fetching instr: reading 0xf13d from the cartridge
Fetching instr: reading 0xf13e from the cartridge
Writing 0x2a to the TIA
Fetching instr: reading 0xf13f from the cartridge
Fetching instr: reading 0xf140 from the cartridge
Fetching instr: reading 0xf141 from the cartridge
Fetching instr: reading 0xf142 from the cartridge
Writing 0x0a to the TIA
Fetching instr: reading 0xf143 from the cartridge
Fetching instr: reading 0xf144 from the cartridge
Fetching instr: reading 0xf145 from the cartridge
Fetching instr: reading 0xf146 from the cartridge
reading 0xeb from the PIA memory
Fetching instr: reading 0xf147 from the cartridge
Fetching instr: reading 0xf148 from the cartridge
Fetching instr: reading 0xf149 from the cartridge
Fetching instr: reading 0xf14a from the cartridge
Fetching instr: reading 0xf14b from the cartridge
Fetching instr: reading 0xf14c from the cartridge
reading 0xdb from the PIA memory
Fetching instr: reading 0xf14d from the cartridge
Fetching instr: reading 0xf14e from the cartridge
reading 0xdc from the PIA memory
Fetching instr: reading 0xf14f from the cartridge
Fetching instr: reading 0xf150 from the cartridge
Writing 0xdb to the PIA memory
Fetching instr: reading 0xf151 from the cartridge
Fetching instr: reading 0xf152 from the cartridge
Writing 0x2b to the TIA
Fetching instr: reading 0xf153 from the cartridge
Fetching instr: reading 0xf154 from the cartridge
Fetching instr: reading 0xf159 from the cartridge
Fetching instr: reading 0xf15a from the cartridge
Fetching instr: reading 0xf15b from the cartridge
Fetching instr: reading 0xf15c from the cartridge
Fetching instr: reading 0xf15d from the cartridge
Fetching instr: reading 0xf15e from the cartridge
Fetching instr: reading 0xf164 from the cartridge
Fetching instr: reading 0xf165 from the cartridge
Writing 0x02 to the TIA
Fetching instr: reading 0xf166 from the cartridge
Fetching instr: reading 0xf167 from the cartridge
Writing 0x2a to the TIA
Fetching instr: reading 0xf168 from the cartridge
Fetching instr: reading 0xf169 from the cartridge
Writing 0x1b to the TIA
Fetching instr: reading 0xf16a from the cartridge
Fetching instr: reading 0xf16b from the cartridge
Writing 0x1c to the TIA
Fetching instr: reading 0xf16c from the cartridge
Fetching instr: reading 0xf16d from the cartridge
Fetching instr: reading 0xf178 from the cartridge
Fetching instr: reading 0xf179 from the cartridge
Fetching instr: reading 0xf17a from the cartridge
Fetching instr: reading 0xf24a from the cartridge
